<?xml version="1.0" encoding="UTF-8"?>
<!-- Generated by org.testng.reporters.JUnitReportReporter -->
<testsuite hostname="LAPTOP-NR2IR3B4" failures="0" tests="2" name="testcases.littleStation.Tc01HomePage" time="7.533" errors="0" timestamp="2025-08-03T10:01:34 IST" skipped="0">
  <testcase classname="testcases.littleStation.Tc01HomePage" name="validateLink" time="4.604"/>
  <testcase classname="testcases.littleStation.Tc01HomePage" name="launchApplciation" time="2.929"/>
</testsuite> <!-- testcases.littleStation.Tc01HomePage -->
