<?xml version="1.0" encoding="UTF-8"?>
<!-- Generated by org.testng.reporters.JUnitReportReporter -->
<testsuite hostname="LAPTOP-NR2IR3B4" failures="0" tests="1" name="testcases.kumari.TC01SignUp" time="6.327" errors="0" timestamp="2025-08-03T09:42:26 IST" skipped="0">
  <testcase classname="testcases.kumari.TC01SignUp" name="SignupWebsitefromPopup" time="6.327"/>
</testsuite> <!-- testcases.kumari.TC01SignUp -->
